<?xml version="1.0" encoding="UTF-8"?>
<!-- Generated by org.testng.reporters.JUnitXMLReporter -->
<testsuite ignored="2" hostname="Khosruz" failures="0" tests="7" name="DeshBoardOrder" time="156.59" errors="0" timestamp="2023-10-09T21:52:00 EDT">
  <testcase classname="com.Tests.DeshBoardOrderTest" name="pageTitleTest" time="1.085"/>
  <testcase classname="com.Tests.DeshBoardOrderTest" name="orderManueTest" time="1.021"/>
  <testcase classname="com.Tests.DeshBoardOrderTest" name="heasdSelectionTest" time="3.541"/>
  <testcase classname="com.Tests.DeshBoardOrderTest" name="bodySelectionTest" time="2.158"/>
  <testcase classname="com.Tests.DeshBoardOrderTest" name="legsSelectionTest" time="1.313"/>
  <testcase classname="com.Tests.DeshBoardOrderTest" name="shippingAddress" time="25.104">
    <skipped/>
  </testcase> <!-- shippingAddress -->
  <testcase classname="com.Tests.DeshBoardOrderTest" name="shippingAddress" time="8.212"/>
  <testcase classname="com.Tests.DeshBoardOrderTest" name="loginForOrder" time="0.0">
    <ignored/>
  </testcase> <!-- loginForOrder -->
  <testcase classname="com.Tests.DeshBoardOrderTest" name="displayReceipt" time="0.0">
    <ignored/>
  </testcase> <!-- displayReceipt -->
</testsuite> <!-- DeshBoardOrder -->
