<?xml version="1.0" encoding="UTF-8"?>
<!-- Generated by org.testng.reporters.JUnitXMLReporter -->
<testsuite ignored="0" hostname="Khosruz" failures="0" tests="4" name="DeshBoardHomeTest" time="78.021" errors="0" timestamp="2023-10-09T21:49:23 EDT">
  <testcase classname="com.Tests.DeshBoardHomeTest" name="pageTitleTest" time="0.089"/>
  <testcase classname="com.Tests.DeshBoardHomeTest" name="salseDataTest" time="3.817"/>
  <testcase classname="com.Tests.DeshBoardHomeTest" name="salseDataTest" time="4.93"/>
  <testcase classname="com.Tests.DeshBoardHomeTest" name="salseDataTest" time="2.774"/>
</testsuite> <!-- DeshBoardHomeTest -->
