<?xml version="1.0" encoding="UTF-8"?>
<!-- Generated by org.testng.reporters.JUnitXMLReporter -->
<testsuite ignored="0" hostname="Khosruz" failures="0" tests="5" name="Home Page" time="82.08" errors="0" timestamp="2023-10-09T21:53:22 EDT">
  <testcase classname="com.Tests.HomePageTest" name="pageTitleTest" time="0.039"/>
  <testcase classname="com.Tests.HomePageTest" name="homePageText" time="0.121"/>
  <testcase classname="com.Tests.HomePageTest" name="orderButtonTest" time="0.166"/>
  <testcase classname="com.Tests.HomePageTest" name="loginButtonTest" time="0.198"/>
  <testcase classname="com.Tests.HomePageTest" name="homeButtonTest" time="0.289"/>
</testsuite> <!-- Home Page -->
