<?xml version="1.0" encoding="UTF-8"?>
<!-- Generated by org.testng.reporters.JUnitXMLReporter -->
<testsuite ignored="2" hostname="Khosruz" failures="0" tests="6" name="DeshBoardOrder" time="31.999" errors="0" timestamp="2023-10-10T12:24:33 EDT">
  <testcase classname="com.Tests.DeshBoardOrderTest" name="pageTitleTest" time="0.0">
    <skipped/>
  </testcase> <!-- pageTitleTest -->
  <testcase classname="com.Tests.DeshBoardOrderTest" name="orderManueTest" time="0.0">
    <skipped/>
  </testcase> <!-- orderManueTest -->
  <testcase classname="com.Tests.DeshBoardOrderTest" name="heasdSelectionTest" time="0.0">
    <skipped/>
  </testcase> <!-- heasdSelectionTest -->
  <testcase classname="com.Tests.DeshBoardOrderTest" name="bodySelectionTest" time="0.0">
    <skipped/>
  </testcase> <!-- bodySelectionTest -->
  <testcase classname="com.Tests.DeshBoardOrderTest" name="legsSelectionTest" time="0.0">
    <skipped/>
  </testcase> <!-- legsSelectionTest -->
  <testcase classname="com.Tests.DeshBoardOrderTest" name="shippingAddress" time="0.0">
    <skipped/>
  </testcase> <!-- shippingAddress -->
  <testcase classname="com.Tests.DeshBoardOrderTest" name="loginForOrder" time="0.0">
    <ignored/>
  </testcase> <!-- loginForOrder -->
  <testcase classname="com.Tests.DeshBoardOrderTest" name="displayReceipt" time="0.0">
    <ignored/>
  </testcase> <!-- displayReceipt -->
</testsuite> <!-- DeshBoardOrder -->
