<?xml version="1.0" encoding="UTF-8"?>
<!-- Generated by org.testng.reporters.JUnitXMLReporter -->
<testsuite ignored="0" hostname="Khosruz" failures="0" tests="3" name="Login Page" time="60.424" errors="0" timestamp="2023-10-16T12:44:18 EDT">
  <testcase classname="com.Tests.LoginPageTest" name="pageTitleTest" time="0.242"/>
  <testcase classname="com.Tests.LoginPageTest" name="displayNameTest" time="3.904"/>
  <testcase classname="com.Tests.LoginPageTest" name="loginTest" time="2.683"/>
</testsuite> <!-- Login Page -->
