<?xml version="1.0" encoding="UTF-8"?>
<testsuite xmlns:xsi="http://www.w3.org/2001/XMLSchema-instance" xsi:noNamespaceSchemaLocation="https://maven.apache.org/surefire/maven-surefire-plugin/xsd/surefire-test-report-3.0.xsd" version="3.0" name="TestSuite" time="402.697" tests="21" errors="0" skipped="3" failures="1">
  <properties>
[...]
</properties>
  <testcase name="pageTitleTest" classname="com.Tests.DeshBoardHomeTest" time="0.066">
    <system-out><![CDATA[Page Title is : RobotSpareBin Industries Inc. - Intranet
]]></system-out>
    <system-err><![CDATA[SLF4J: No SLF4J providers were found.
SLF4J: Defaulting to no-operation (NOP) logger implementation
SLF4J: See https://www.slf4j.org/codes.html#noProviders for further details.
Oct 09, 2023 9:48:07 PM org.openqa.selenium.remote.ProtocolHandshake createSession
INFO: Detected dialect: W3C
]]></system-err>
  </testcase>
  <testcase name="salseDataTest[Khsoruz, Zaman, 3255.0](1)" classname="com.Tests.DeshBoardHomeTest" time="3.819">
    <system-out><![CDATA[3 Row's and ================= 3 Column === 
Khsoruz, Zaman, 3255.0, Miraz, Zaman, 2561.0, Liza, Khanom, 954.0, The Login is succeed
Name Target Result Difference
Khsoruz Zaman $5,000 $3,255 $-1,745
Boss Message for salse performance:- Well. It was a nice attempt. I guess?
]]></system-out>
    <system-err><![CDATA[Oct 09, 2023 9:48:24 PM org.openqa.selenium.remote.ProtocolHandshake createSession
INFO: Detected dialect: W3C
]]></system-err>
  </testcase>
  <testcase name="salseDataTest[Miraz, Zaman, 2561.0](2)" classname="com.Tests.DeshBoardHomeTest" time="4.931">
    <system-out><![CDATA[The Login is succeed
Name Target Result Difference
Miraz Zaman $5,000 $2,561 $-2,439
Boss Message for salse performance:- Well. It was a nice attempt. I guess?
]]></system-out>
    <system-err><![CDATA[Oct 09, 2023 9:48:44 PM org.openqa.selenium.remote.ProtocolHandshake createSession
INFO: Detected dialect: W3C
]]></system-err>
  </testcase>
  <testcase name="salseDataTest[Liza, Khanom, 954.0](3)" classname="com.Tests.DeshBoardHomeTest" time="2.779">
    <system-out><![CDATA[The Login is succeed
Name Target Result Difference
Liza Khanom $5,000 $954 $-4,046
Boss Message for salse performance:- The boss wants to see you...
]]></system-out>
    <system-err><![CDATA[Oct 09, 2023 9:49:05 PM org.openqa.selenium.remote.ProtocolHandshake createSession
INFO: Detected dialect: W3C
]]></system-err>
  </testcase>
  <testcase name="pageTitleTest" classname="com.Tests.DeshBoardOrderTest" time="1.087">
    <system-out><![CDATA[The Login is succeed
Page Title is : RobotSpareBin Industries Inc. - Intranet
]]></system-out>
    <system-err><![CDATA[Oct 09, 2023 9:49:24 PM org.openqa.selenium.remote.ProtocolHandshake createSession
INFO: Detected dialect: W3C
]]></system-err>
  </testcase>
  <testcase name="orderManueTest" classname="com.Tests.DeshBoardOrderTest" time="1.018">
    <system-out><![CDATA[The Login is succeed
]]></system-out>
    <system-err><![CDATA[Oct 09, 2023 9:49:42 PM org.openqa.selenium.remote.ProtocolHandshake createSession
INFO: Detected dialect: W3C
]]></system-err>
  </testcase>
  <testcase name="heasdSelectionTest" classname="com.Tests.DeshBoardOrderTest" time="3.54">
    <system-out><![CDATA[The Login is succeed
We are on the section number : 1. Head:
Available Item in the list is : 
Roll-a-thor head
Peanut crusher head
D.A.V.E head
Andy Roid head
Spanner mate head
Drillbit 2000 head
]]></system-out>
    <system-err><![CDATA[Oct 09, 2023 9:49:59 PM org.openqa.selenium.remote.ProtocolHandshake createSession
INFO: Detected dialect: W3C

Selected Head is : D.A.V.E head

]]></system-err>
  </testcase>
  <testcase name="bodySelectionTest" classname="com.Tests.DeshBoardOrderTest" time="2.166">
    <system-out><![CDATA[The Login is succeed
We are on 2. Body:
Roll-a-thor body
Peanut crusher body
D.A.V.E body
Andy Roid body
Spanner mate body
Drillbit 2000 body
]]></system-out>
    <system-err><![CDATA[Oct 09, 2023 9:50:19 PM org.openqa.selenium.remote.ProtocolHandshake createSession
INFO: Detected dialect: W3C

Selected Body is : Peanut crusher body

]]></system-err>
  </testcase>
  <testcase name="legsSelectionTest" classname="com.Tests.DeshBoardOrderTest" time="1.309">
    <system-out><![CDATA[The Login is succeed
We are on : 3. Legs:
]]></system-out>
    <system-err><![CDATA[Oct 09, 2023 9:50:37 PM org.openqa.selenium.remote.ProtocolHandshake createSession
INFO: Detected dialect: W3C
Total Lags count for this robot is : 2

]]></system-err>
  </testcase>
  <testcase name="shippingAddress[508 winfield Ave, Upper darby, PA, 19082](1)" classname="com.Tests.DeshBoardOrderTest" time="0">
    <skipped message="no such element: Unable to locate element: {&quot;method&quot;:&quot;xpath&quot;,&quot;selector&quot;:&quot;//div[@id=&apos;receipt&apos;]&quot;}&#10;  (Session info: chrome=119.0.6045.10)&#10;For documentation on this error, please visit: https://www.seleniumhq.org/exceptions/no_such_element.html&#10;Build info: version: &apos;3.141.59&apos;, revision: &apos;e82be7d358&apos;, time: &apos;2018-11-14T08:17:03&apos;&#10;System info: host: &apos;KHOSRUZ&apos;, ip: &apos;192.168.0.26&apos;, os.name: &apos;Windows 11&apos;, os.arch: &apos;amd64&apos;, os.version: &apos;10.0&apos;, java.version: &apos;20.0.2&apos;&#10;Driver info: org.openqa.selenium.remote.RemoteWebDriver&#10;Capabilities {acceptInsecureCerts: false, browserName: chrome, browserVersion: 119.0.6045.10, chrome: {chromedriverVersion: 119.0.6045.9 (c7ec5863fa5c5..., userDataDir: /tmp/.org.chromium.Chromium...}, fedcm:accounts: true, goog:chromeOptions: {debuggerAddress: localhost:38595}, javascriptEnabled: true, networkConnectionEnabled: false, pageLoadStrategy: normal, platform: LINUX, platformName: LINUX, proxy: Proxy(), se:bidiEnabled: false, se:cdp: ws://172.18.0.3:4444/sessio..., se:cdpVersion: 119.0.6045.10, se:vnc: ws://172.18.0.3:4444/sessio..., se:vncEnabled: true, se:vncLocalAddress: ws://172.18.0.3:7900, setWindowRect: true, strictFileInteractability: false, timeouts: {implicit: 0, pageLoad: 300000, script: 30000}, unhandledPromptBehavior: dismiss and notify, webauthn:extension:credBlob: true, webauthn:extension:largeBlob: true, webauthn:extension:minPinLength: true, webauthn:extension:prf: true, webauthn:virtualAuthenticators: true}&#10;Session ID: 43bac9337ea52e49488d89344c0afd42&#10;*** Element info: {Using=xpath, value=//div[@id=&apos;receipt&apos;]}"/>
    <system-out><![CDATA[1 Row's and ================= 1 Column === 
508 winfield Ave, Upper darby, PA, 19082, The Login is succeed
We are on the section number : 1. Head:
Available Item in the list is : 
Roll-a-thor head
Peanut crusher head
D.A.V.E head
Andy Roid head
Spanner mate head
Drillbit 2000 head
We are on 2. Body:
Roll-a-thor body
Peanut crusher body
D.A.V.E body
Andy Roid body
Spanner mate body
Drillbit 2000 body
We are on : 3. Legs:
]]></system-out>
    <system-err><![CDATA[Oct 09, 2023 9:50:55 PM org.openqa.selenium.remote.ProtocolHandshake createSession
INFO: Detected dialect: W3C

Selected Head is : D.A.V.E head


Selected Body is : Peanut crusher body

Total Lags count for this robot is : 2

Robot is created : true
]]></system-err>
  </testcase>
  <testcase name="shippingAddress[508 winfield Ave, Upper darby, PA, 19082](2)" classname="com.Tests.DeshBoardOrderTest" time="8.223">
    <system-out><![CDATA[1 Row's and ================= 1 Column === 
508 winfield Ave, Upper darby, PA, 19082, The Login is succeed
We are on the section number : 1. Head:
Available Item in the list is : 
Roll-a-thor head
Peanut crusher head
D.A.V.E head
Andy Roid head
Spanner mate head
Drillbit 2000 head
We are on 2. Body:
Roll-a-thor body
Peanut crusher body
D.A.V.E body
Andy Roid body
Spanner mate body
Drillbit 2000 body
We are on : 3. Legs:

Final Receipts of order: Receipt
2023-10-10T01:51:44.781Z
RSB-ROBO-ORDER-J3JRILDLJW
508 winfield Ave, Upper darby, PA, 19082
Head: 3
Body: 2
Legs: 2
Thank you for your order! We will ship your robot to you as soon as our warehouse robots gather the parts you ordered! You will receive your robot in no time!

Back To Order Roobot Page. 
Text Found as : Build and order your robot!

]]></system-out>
    <system-err><![CDATA[Oct 09, 2023 9:51:36 PM org.openqa.selenium.remote.ProtocolHandshake createSession
INFO: Detected dialect: W3C

Selected Head is : D.A.V.E head


Selected Body is : Peanut crusher body

Total Lags count for this robot is : 2

Robot is created : true
]]></system-err>
  </testcase>
  <testcase name="pageTitleTest" classname="com.Tests.HomePageTest" time="0.041">
    <system-out><![CDATA[Page Title is : RobotSpareBin Industries Inc. - Intranet
]]></system-out>
    <system-err><![CDATA[Oct 09, 2023 9:52:01 PM org.openqa.selenium.remote.ProtocolHandshake createSession
INFO: Detected dialect: W3C
]]></system-err>
  </testcase>
  <testcase name="homePageText" classname="com.Tests.HomePageTest" time="0.126">
    <system-out><![CDATA[Expected Text found: Hey! Wait a minute... What is this site?
This is a demonstration site built by Robocorp. We use it for demos and our learning courses. Think about it as a gym for Software Robots!
You are absolutely free to play around with it. Mind you, sometimes it's intentionally a bit buggy! 😅
If this sounds interesting, visit us to learn how to make your own Software Robots!
]]></system-out>
    <system-err><![CDATA[Oct 09, 2023 9:52:17 PM org.openqa.selenium.remote.ProtocolHandshake createSession
INFO: Detected dialect: W3C
]]></system-err>
  </testcase>
  <testcase name="orderButtonTest" classname="com.Tests.HomePageTest" time="0.167">
    <system-out><![CDATA[Order button is appear correctly: true
]]></system-out>
    <system-err><![CDATA[Oct 09, 2023 9:52:33 PM org.openqa.selenium.remote.ProtocolHandshake createSession
INFO: Detected dialect: W3C
]]></system-err>
  </testcase>
  <testcase name="loginButtonTest" classname="com.Tests.HomePageTest" time="0.199">
    <system-out><![CDATA[Login button is appear correctly: true
]]></system-out>
    <system-err><![CDATA[Oct 09, 2023 9:52:50 PM org.openqa.selenium.remote.ProtocolHandshake createSession
INFO: Detected dialect: W3C
]]></system-err>
  </testcase>
  <testcase name="homeButtonTest" classname="com.Tests.HomePageTest" time="0.316">
    <system-out><![CDATA[Home button is appear correctly: true
]]></system-out>
    <system-err><![CDATA[Oct 09, 2023 9:53:06 PM org.openqa.selenium.remote.ProtocolHandshake createSession
INFO: Detected dialect: W3C
]]></system-err>
  </testcase>
  <testcase name="pageTitleTest" classname="com.Tests.LoginPageTest" time="0">
    <skipped message="Title is missing!! expected [RobotSpareBin Industries Inc.. - Intranet] but found [RobotSpareBin Industries Inc. - Intranet]"/>
    <system-err><![CDATA[Oct 09, 2023 9:53:23 PM org.openqa.selenium.remote.ProtocolHandshake createSession
INFO: Detected dialect: W3C
]]></system-err>
  </testcase>
  <testcase name="pageTitleTest" classname="com.Tests.LoginPageTest" time="0">
    <skipped message="Title is missing!! expected [RobotSpareBin Industries Inc.. - Intranet] but found [RobotSpareBin Industries Inc. - Intranet]"/>
    <system-err><![CDATA[Oct 09, 2023 9:53:39 PM org.openqa.selenium.remote.ProtocolHandshake createSession
INFO: Detected dialect: W3C
]]></system-err>
  </testcase>
  <testcase name="pageTitleTest" classname="com.Tests.LoginPageTest" time="0.087">
    <failure message="Title is missing!! expected [RobotSpareBin Industries Inc.. - Intranet] but found [RobotSpareBin Industries Inc. - Intranet]" type="java.lang.AssertionError"><![CDATA[java.lang.AssertionError: Title is missing!! expected [RobotSpareBin Industries Inc.. - Intranet] but found [RobotSpareBin Industries Inc. - Intranet]
	at com.Tests.LoginPageTest.pageTitleTest(LoginPageTest.java:30)
]]></failure>
    <system-err><![CDATA[Oct 09, 2023 9:53:56 PM org.openqa.selenium.remote.ProtocolHandshake createSession
INFO: Detected dialect: W3C
]]></system-err>
  </testcase>
  <testcase name="displayNameTest" classname="com.Tests.LoginPageTest" time="2.625">
    <system-out><![CDATA[The Login is succeed
Display name found as : maria
]]></system-out>
    <system-err><![CDATA[Oct 09, 2023 9:54:12 PM org.openqa.selenium.remote.ProtocolHandshake createSession
INFO: Detected dialect: W3C
]]></system-err>
  </testcase>
  <testcase name="loginTest" classname="com.Tests.LoginPageTest" time="1.014">
    <system-out><![CDATA[The Login is succeed
]]></system-out>
    <system-err><![CDATA[Oct 09, 2023 9:54:31 PM org.openqa.selenium.remote.ProtocolHandshake createSession
INFO: Detected dialect: W3C
]]></system-err>
  </testcase>
</testsuite>