<?xml version="1.0" encoding="UTF-8"?>
<testng-results ignored="0" total="3" passed="3" failed="0" skipped="0">
  <reporter-output>
  </reporter-output>
  <suite started-at="2023-10-16T12:43:17 EDT" name="tests" finished-at="2023-10-16T12:44:17 EDT" duration-ms="60424">
    <groups>
      <group name="Home Page Functions">
        <method signature="LoginPageTest.pageTitleTest()[pri:0, instance:com.Tests.LoginPageTest@f0c8a99]" name="pageTitleTest" class="com.Tests.LoginPageTest"/>
      </group> <!-- Home Page Functions -->
      <group name="Login page Functionalities">
        <method signature="LoginPageTest.displayNameTest()[pri:0, instance:com.Tests.LoginPageTest@f0c8a99]" name="displayNameTest" class="com.Tests.LoginPageTest"/>
        <method signature="LoginPageTest.loginTest()[pri:0, instance:com.Tests.LoginPageTest@f0c8a99]" name="loginTest" class="com.Tests.LoginPageTest"/>
      </group> <!-- Login page Functionalities -->
    </groups>
    <test started-at="2023-10-16T12:43:17 EDT" name="Login Page" finished-at="2023-10-16T12:44:17 EDT" duration-ms="60424">
      <class name="com.Tests.LoginPageTest">
        <test-method is-config="true" signature="setup(java.lang.String)[pri:0, instance:com.Tests.LoginPageTest@f0c8a99]" started-at="2023-10-16T12:43:17 EDT" name="setup" finished-at="2023-10-16T12:43:48 EDT" duration-ms="31196" status="PASS">
          <params>
            <param index="0">
              <value>
                <![CDATA[chrome]]>
              </value>
            </param>
          </params>
          <reporter-output>
          </reporter-output>
        </test-method> <!-- setup -->
        <test-method signature="pageTitleTest()[pri:0, instance:com.Tests.LoginPageTest@f0c8a99]" started-at="2023-10-16T12:43:48 EDT" name="pageTitleTest" finished-at="2023-10-16T12:43:49 EDT" duration-ms="242" status="PASS">
          <reporter-output>
          </reporter-output>
        </test-method> <!-- pageTitleTest -->
        <test-method is-config="true" signature="tearDown()[pri:0, instance:com.Tests.LoginPageTest@f0c8a99]" started-at="2023-10-16T12:43:49 EDT" name="tearDown" finished-at="2023-10-16T12:43:49 EDT" duration-ms="223" status="PASS">
          <reporter-output>
          </reporter-output>
        </test-method> <!-- tearDown -->
        <test-method is-config="true" signature="setup(java.lang.String)[pri:0, instance:com.Tests.LoginPageTest@f0c8a99]" started-at="2023-10-16T12:43:49 EDT" name="setup" finished-at="2023-10-16T12:43:56 EDT" duration-ms="7362" status="PASS">
          <params>
            <param index="0">
              <value>
                <![CDATA[chrome]]>
              </value>
            </param>
          </params>
          <reporter-output>
          </reporter-output>
        </test-method> <!-- setup -->
        <test-method signature="displayNameTest()[pri:0, instance:com.Tests.LoginPageTest@f0c8a99]" started-at="2023-10-16T12:43:56 EDT" name="displayNameTest" finished-at="2023-10-16T12:44:00 EDT" duration-ms="3904" status="PASS">
          <reporter-output>
          </reporter-output>
        </test-method> <!-- displayNameTest -->
        <test-method is-config="true" signature="tearDown()[pri:0, instance:com.Tests.LoginPageTest@f0c8a99]" started-at="2023-10-16T12:44:00 EDT" name="tearDown" finished-at="2023-10-16T12:44:01 EDT" duration-ms="564" status="PASS">
          <reporter-output>
          </reporter-output>
        </test-method> <!-- tearDown -->
        <test-method is-config="true" signature="setup(java.lang.String)[pri:0, instance:com.Tests.LoginPageTest@f0c8a99]" started-at="2023-10-16T12:44:01 EDT" name="setup" finished-at="2023-10-16T12:44:14 EDT" duration-ms="13119" status="PASS">
          <params>
            <param index="0">
              <value>
                <![CDATA[chrome]]>
              </value>
            </param>
          </params>
          <reporter-output>
          </reporter-output>
        </test-method> <!-- setup -->
        <test-method signature="loginTest()[pri:0, instance:com.Tests.LoginPageTest@f0c8a99]" started-at="2023-10-16T12:44:14 EDT" name="loginTest" finished-at="2023-10-16T12:44:17 EDT" duration-ms="2683" status="PASS">
          <reporter-output>
          </reporter-output>
        </test-method> <!-- loginTest -->
        <test-method is-config="true" signature="tearDown()[pri:0, instance:com.Tests.LoginPageTest@f0c8a99]" started-at="2023-10-16T12:44:17 EDT" name="tearDown" finished-at="2023-10-16T12:44:17 EDT" duration-ms="576" status="PASS">
          <reporter-output>
          </reporter-output>
        </test-method> <!-- tearDown -->
      </class> <!-- com.Tests.LoginPageTest -->
    </test> <!-- Login Page -->
  </suite> <!-- tests -->
</testng-results>
